[2025-10-14T18:02:17.532+0000] {taskinstance.py:1979} INFO - Dependencies all met for dep_context=non-requeueable deps ti=<TaskInstance: pyspark_project_pipline.create_topic_sensors_sample manual__2025-10-14T18:00:50.508605+00:00 [queued]>
[2025-10-14T18:02:17.539+0000] {taskinstance.py:1979} INFO - Dependencies all met for dep_context=requeueable deps ti=<TaskInstance: pyspark_project_pipline.create_topic_sensors_sample manual__2025-10-14T18:00:50.508605+00:00 [queued]>
[2025-10-14T18:02:17.540+0000] {taskinstance.py:2193} INFO - Starting attempt 1 of 1
[2025-10-14T18:02:17.549+0000] {taskinstance.py:2217} INFO - Executing <Task(_PythonDecoratedOperator): create_topic_sensors_sample> on 2025-10-14 18:00:50.508605+00:00
[2025-10-14T18:02:17.555+0000] {standard_task_runner.py:60} INFO - Started process 210 to run task
[2025-10-14T18:02:17.558+0000] {standard_task_runner.py:87} INFO - Running: ['***', 'tasks', 'run', 'pyspark_project_pipline', 'create_topic_sensors_sample', 'manual__2025-10-14T18:00:50.508605+00:00', '--job-id', '15', '--raw', '--subdir', 'DAGS_FOLDER/pyspark_project_dims.py', '--cfg-path', '/tmp/tmp6u0n47e0']
[2025-10-14T18:02:17.560+0000] {standard_task_runner.py:88} INFO - Job 15: Subtask create_topic_sensors_sample
[2025-10-14T18:02:17.600+0000] {task_command.py:423} INFO - Running <TaskInstance: pyspark_project_pipline.create_topic_sensors_sample manual__2025-10-14T18:00:50.508605+00:00 [running]> on host f807c778cd29
[2025-10-14T18:02:17.654+0000] {taskinstance.py:2513} INFO - Exporting env vars: AIRFLOW_CTX_DAG_OWNER='***' AIRFLOW_CTX_DAG_ID='pyspark_project_pipline' AIRFLOW_CTX_TASK_ID='create_topic_sensors_sample' AIRFLOW_CTX_EXECUTION_DATE='2025-10-14T18:00:50.508605+00:00' AIRFLOW_CTX_TRY_NUMBER='1' AIRFLOW_CTX_DAG_RUN_ID='manual__2025-10-14T18:00:50.508605+00:00'
[2025-10-14T18:02:17.759+0000] {pyspark_project_dims.py:80} ERROR - Error running 'sensors-sample': returncode=127
[2025-10-14T18:02:17.759+0000] {pyspark_project_dims.py:81} ERROR - STDOUT:
OCI runtime exec failed: exec failed: unable to start container process: exec: "kafka-topict.sh": executable file not found in $PATH: unknown

[2025-10-14T18:02:17.760+0000] {pyspark_project_dims.py:82} ERROR - STDERR:

[2025-10-14T18:02:17.760+0000] {taskinstance.py:2731} ERROR - Task failed with exception
Traceback (most recent call last):
  File "/home/airflow/.local/lib/python3.8/site-packages/airflow/models/taskinstance.py", line 444, in _execute_task
    result = _execute_callable(context=context, **execute_callable_kwargs)
  File "/home/airflow/.local/lib/python3.8/site-packages/airflow/models/taskinstance.py", line 414, in _execute_callable
    return execute_callable(context=context, **execute_callable_kwargs)
  File "/home/airflow/.local/lib/python3.8/site-packages/airflow/decorators/base.py", line 241, in execute
    return_value = super().execute(context)
  File "/home/airflow/.local/lib/python3.8/site-packages/airflow/operators/python.py", line 200, in execute
    return_value = self.execute_callable()
  File "/home/airflow/.local/lib/python3.8/site-packages/airflow/operators/python.py", line 217, in execute_callable
    return self.python_callable(*self.op_args, **self.op_kwargs)
  File "/opt/airflow/dags/pyspark_project_dims.py", line 125, in create_topic_sensors_sample
    create_kafka_topic("sensors-sample")
  File "/opt/airflow/dags/pyspark_project_dims.py", line 75, in create_kafka_topic
    result = subprocess.run(command ,shell=True, check=True, capture_output=True, text=True)
  File "/usr/local/lib/python3.8/subprocess.py", line 516, in run
    raise CalledProcessError(retcode, process.args,
subprocess.CalledProcessError: Command 'docker exec course-kafka kafka-topict.sh \
                    --create \
                    --topic sensors-sample \
                    --bootstrap-server course-kafka:9092 \
                    --partitions 1 \
                    --replication-factor 1
                    ' returned non-zero exit status 127.
[2025-10-14T18:02:17.771+0000] {taskinstance.py:1149} INFO - Marking task as FAILED. dag_id=pyspark_project_pipline, task_id=create_topic_sensors_sample, execution_date=20251014T180050, start_date=20251014T180217, end_date=20251014T180217
[2025-10-14T18:02:17.780+0000] {standard_task_runner.py:107} ERROR - Failed to execute job 15 for task create_topic_sensors_sample (Command 'docker exec course-kafka kafka-topict.sh \
                    --create \
                    --topic sensors-sample \
                    --bootstrap-server course-kafka:9092 \
                    --partitions 1 \
                    --replication-factor 1
                    ' returned non-zero exit status 127.; 210)
[2025-10-14T18:02:17.810+0000] {local_task_job_runner.py:234} INFO - Task exited with return code 1
[2025-10-14T18:02:17.824+0000] {taskinstance.py:3312} INFO - 0 downstream tasks scheduled from follow-on schedule check
